\BOOKMARK [1][-]{section.1}{\376\377\000W\000h\000a\000t\000\040\000i\000s\000\040\000a\000\040\000q\000u\000b\000i\000t\000?}{}% 1
\BOOKMARK [2][-]{subsection.1.1}{\376\377\000D\000e\000f\000i\000n\000i\000t\000i\000o\000n}{section.1}% 2
\BOOKMARK [2][-]{subsection.1.2}{\376\377\000M\000e\000a\000s\000u\000r\000i\000n\000g\000\040\000a\000\040\000q\000u\000b\000i\000t}{section.1}% 3
\BOOKMARK [2][-]{subsection.1.3}{\376\377\000S\000u\000p\000e\000r\000p\000o\000s\000i\000t\000i\000o\000n\000\040\000a\000n\000d\000\040\000e\000n\000t\000a\000n\000g\000l\000e\000m\000e\000n\000t\000\040\000o\000f\000\040\000q\000u\000b\000i\000t\000s}{section.1}% 4
\BOOKMARK [1][-]{section.2}{\376\377\000H\000o\000w\000\040\000t\000o\000\040\000p\000r\000o\000d\000u\000c\000e\000\040\000a\000\040\000q\000u\000b\000i\000t\000\040\000a\000n\000d\000\040\000m\000a\000n\000i\000p\000u\000l\000a\000t\000e\000\040\000i\000t\000s\000\040\000s\000t\000a\000t\000e\000?}{}% 5
\BOOKMARK [2][-]{subsection.2.1}{\376\377\000T\000r\000a\000p\000p\000e\000d\000-\000i\000o\000n\000\040\000q\000u\000b\000i\000t\000s}{section.2}% 6
\BOOKMARK [2][-]{subsection.2.2}{\376\377\000S\000u\000p\000e\000r\000c\000o\000n\000d\000u\000c\000t\000i\000n\000g\000\040\000Q\000u\000b\000i\000t\000s}{section.2}% 7
\BOOKMARK [2][-]{subsection.2.3}{\376\377\000P\000h\000o\000t\000o\000n\000i\000c\000\040\000q\000u\000b\000i\000t\000s}{section.2}% 8
\BOOKMARK [2][-]{subsection.2.4}{\376\377\000W\000h\000i\000c\000h\000\040\000t\000e\000c\000h\000n\000o\000l\000o\000g\000y\000\040\000t\000o\000\040\000c\000h\000o\000o\000s\000e\000?}{section.2}% 9
\BOOKMARK [1][-]{section.3}{\376\377\000A\000l\000g\000o\000r\000i\000t\000h\000m\000s\000\040\000a\000n\000d\000\040\000Q\000u\000a\000n\000t\000u\000m\000\040\000O\000p\000t\000i\000m\000i\000z\000a\000t\000i\000o\000n}{}% 10
\BOOKMARK [2][-]{subsection.3.1}{\376\377\000Q\000u\000a\000n\000t\000u\000m\000\040\000G\000a\000t\000e\000s}{section.3}% 11
\BOOKMARK [3][-]{subsubsection.3.1.1}{\376\377\000P\000a\000u\000l\000i\000\040\000g\000a\000t\000e\000s}{subsection.3.1}% 12
\BOOKMARK [3][-]{subsubsection.3.1.2}{\376\377\000H\000a\000d\000a\000m\000a\000r\000d\000\040\000g\000a\000t\000e}{subsection.3.1}% 13
\BOOKMARK [3][-]{subsubsection.3.1.3}{\376\377\000P\000h\000a\000s\000e\000\040\000g\000a\000t\000e}{subsection.3.1}% 14
\BOOKMARK [3][-]{subsubsection.3.1.4}{\376\377\000C\000N\000O\000T\000\040\000g\000a\000t\000e}{subsection.3.1}% 15
\BOOKMARK [2][-]{subsection.3.2}{\376\377\000Q\000u\000a\000n\000t\000u\000m\000\040\000o\000p\000t\000i\000m\000i\000z\000a\000t\000i\000o\000n}{section.3}% 16
\BOOKMARK [3][-]{subsubsection.3.2.1}{\376\377\000A\000d\000i\000a\000b\000a\000t\000i\000c\000\040\000t\000h\000e\000o\000r\000e\000m}{subsection.3.2}% 17
\BOOKMARK [3][-]{subsubsection.3.2.2}{\376\377\000I\000s\000i\000n\000g\000\040\000H\000a\000m\000i\000l\000t\000o\000n\000i\000a\000n}{subsection.3.2}% 18
\BOOKMARK [2][-]{subsection.3.3}{\376\377\000O\000p\000t\000i\000m\000i\000z\000a\000t\000i\000o\000n\000\040\000p\000r\000o\000b\000l\000e\000m\000:\000\040\000M\000a\000x\000-\000C\000u\000t}{section.3}% 19
\BOOKMARK [2][-]{subsection.3.4}{\376\377\000Q\000u\000a\000n\000t\000u\000m\000\040\000e\000n\000c\000o\000d\000i\000n\000g\000\040\000o\000f\000\040\000t\000h\000e\000\040\000p\000r\000o\000b\000l\000e\000m\000:\000\040\000W\000h\000i\000c\000h\000\040\000H\000a\000m\000i\000l\000t\000o\000n\000i\000a\000n\000?}{section.3}% 20
\BOOKMARK [2][-]{subsection.3.5}{\376\377\000I\000m\000p\000l\000e\000m\000e\000n\000t\000a\000t\000i\000o\000n}{section.3}% 21
\BOOKMARK [1][-]{section.4}{\376\377\000C\000o\000n\000c\000l\000u\000s\000i\000o\000n}{}% 22
